make all --print-data-base --no-builtin-variables --no-builtin-rules --question
# GNU Make 3.81
# Copyright (C) 2006  Free Software Foundation, Inc.
# This is free software; see the source for copying conditions.
# There is NO warranty; not even for MERCHANTABILITY or FITNESS FOR A
# PARTICULAR PURPOSE.

# This program built for i386-apple-darwin11.3.0
 

# Make data base, printed on Sat Jun 18 07:03:38 2022

# Variables

# automatic
<D = $(patsubst %/,%,$(dir $<))
# automatic
?F = $(notdir $?)
# environment
ELECTRON_NO_ATTACH_CONSOLE = 1
# makefile (from `Makefile', line 7)
STOW_DIR = $(DOTFILES_DIR)
# environment
 
GREP_COLOR = 1;32
# environment
VSCODE_LOG_NATIVE = false
# automatic
?D = $(patsubst %/,%,$(dir $?))
# automatic
@D = $(patsubst %/,%,$(dir $@))
# automatic
@F = $(notdir $@)
# makefile
CURDIR := /Users/kundb/.dotfiles
# makefile (from `Makefile', line 1)
SHELL = /bin/bash
# environment
MANPAGER = less -X
# environment
VSCODE_NLS_CONFIG = {"locale":"en-us","availableLanguages":{},"_languagePackSupport":true}
# environment
_ = /usr/bin/make
# environment
SAVEHIST = 4096
# makefile (from `Makefile', line 1)
MAKEFILE_LIST :=  Makefile
# environment
HISTCONTROL = ignoredups:erasedups
# environment
CHROME_CANARY_BIN = /Applications/Google Chrome Canary.app/Contents/MacOS/Google Chrome Canary
# environment
VSCODE_VERBOSE_LOGGING = true
# environment
__CFBundleIdentifier = com.microsoft.VSCode
# environment
FNM_NODE_DIST_MIRROR = https://nodejs.org/dist
# environment
VSCODE_IPC_HOOK_EXTHOST = /var/folders/gk/48v85bh53yz3g39k73d1d01r0000gq/T/vscode-ipc-55811690-5e0b-456f-9b10-3249acdd21e4.sock
# environment
VSCODE_CWD = /Users/kundb
# environment
DOTFILES_IDE = code
# makefile (from `Makefile', line 5)
PATH := /usr/local/bin:/Users/kundb/.dotfiles/bin:/Users/kundb/Library/Caches/fnm_multishells/30970_1655515996311/bin:/usr/local/sbin:/usr/sbin:/sbin:/Users/kundb/.cargo/bin:/Users/kundb/.dotfiles/bin:/usr/local/opt/ruby/bin:/usr/local/opt/python/libexec/bin:/usr/local/opt/grep/libexec/gnubin:/usr/local/opt/gnu-sed/libexec/gnubin:/usr/local/opt/coreutils/libexec/gnubin:/usr/local/bin:/usr/bin:/bin
# makefile (from `Makefile', line 3)
DOTFILES_DIR := /Users/kundb/.dotfiles
# environment
FNM_LOGLEVEL = info
# environment
VSCODE_LOG_STACK = false
# environment
ELECTRON_RUN_AS_NODE = 1
# default
.FEATURES := target-specific order-only second-expansion else-if archives jobserver check-symlink
# environment
FIREFOX_BIN = /Applications/Firefox.app/Contents/MacOS/firefox-bin
# environment
LS_COLORS = no=00:fi=00:di=36:ln=35:pi=30;44:so=35;44:do=35;44:bd=33;44:cd=37;44:or=05;37;41:mi=05;37;41:ex=01;31:*.cmd=01;31:*.exe=01;31:*.com=01;31:*.bat=01;31:*.reg=01;31:*.app=01;31:*.txt=32:*.org=32:*.md=32:*.mkd=32:*.pdc=32:*.h=32:*.c=32:*.C=32:*.cc=32:*.cxx=32:*.objc=32:*.sh=32:*.csh=32:*.zsh=32:*.el=32:*.vim=32:*.java=32:*.pl=32:*.pm=32:*.py=32:*.rb=32:*.hs=32:*.php=32:*.htm=32:*.html=32:*.shtml=32:*.xml=32:*.rdf=32:*.css=32:*.js=32:*.man=32:*.0=32:*.1=32:*.2=32:*.3=32:*.4=32:*.5=32:*.6=32:*.7=32:*.8=32:*.9=32:*.l=32:*.n=32:*.p=32:*.pod=32:*.tex=32:*.bmp=33:*.cgm=33:*.dl=33:*.dvi=33:*.emf=33:*.eps=33:*.gif=33:*.jpeg=33:*.jpg=33:*.JPG=33:*.mng=33:*.pbm=33:*.pcx=33:*.pdf=33:*.pgm=33:*.png=33:*.ppm=33:*.pps=33:*.ppsx=33:*.ps=33:*.svg=33:*.svgz=33:*.tga=33:*.tif=33:*.tiff=33:*.xbm=33:*.xcf=33:*.xpm=33:*.xwd=33:*.xwd=33:*.yuv=33:*.aac=33:*.au=33:*.flac=33:*.mid=33:*.midi=33:*.mka=33:*.mp3=33:*.mpa=33:*.mpeg=33:*.mpg=33:*.ogg=33:*.ra=33:*.wav=33:*.anx=33:*.asf=33:*.avi=33:*.axv=33:*.flc=33:*.fli=33:*.flv=33:*.gl=33:*.m2v=33:*.m4v=33:*.mkv=33:*.mov=33:*.mp4=33:*.mp4v=33:*.mpeg=33:*.mpg=33:*.nuv=33:*.ogm=33:*.ogv=33:*.ogx=33:*.qt=33:*.rm=33:*.rmvb=33:*.swf=33:*.vob=33:*.wmv=33:*.doc=31:*.docx=31:*.rtf=31:*.dot=31:*.dotx=31:*.xls=31:*.xlsx=31:*.ppt=31:*.pptx=31:*.fla=31:*.psd=31:*.7z=1;35:*.apk=1;35:*.arj=1;35:*.bin=1;35:*.bz=1;35:*.bz2=1;35:*.cab=1;35:*.deb=1;35:*.dmg=1;35:*.gem=1;35:*.gz=1;35:*.iso=1;35:*.jar=1;35:*.msi=1;35:*.rar=1;35:*.rpm=1;35:*.tar=1;35:*.tbz=1;35:*.tbz2=1;35:*.tgz=1;35:*.tx=1;35:*.war=1;35:*.xpi=1;35:*.xz=1;35:*.z=1;35:*.Z=1;35:*.zip=1;35:*.ANSI-30-black=30:*.ANSI-01;30-brblack=01;30:*.ANSI-31-red=31:*.ANSI-01;31-brred=01;31:*.ANSI-32-green=32:*.ANSI-01;32-brgreen=01;32:*.ANSI-33-yellow=33:*.ANSI-01;33-bryellow=01;33:*.ANSI-34-blue=34:*.ANSI-01;34-brblue=01;34:*.ANSI-35-magenta=35:*.ANSI-01;35-brmagenta=01;35:*.ANSI-36-cyan=36:*.ANSI-01;36-brcyan=01;36:*.ANSI-37-white=37:*.ANSI-01;37-brwhite=01;37:*.log=01;32:*~=01;32:*#=01;32:*.bak=01;36:*.BAK=01;36:*.old=01;36:*.OLD=01;36:*.org_archive=01;36:*.off=01;36:*.OFF=01;36:*.dist=01;36:*.DIST=01;36:*.orig=01;36:*.ORIG=01;36:*.swp=01;36:*.swo=01;36:*,v=01;36:*.gpg=34:*.gpg=34:*.pgp=34:*.asc=34:*.3des=34:*.aes=34:*.enc=34:
# environment
SSH_AUTH_SOCK = /private/tmp/com.apple.launchd.6NkyCftome/Listeners
# automatic
%F = $(notdir $%)
# environment
HISTFILESIZE = 32768
# environment
VSCODE_PIPE_LOGGING = true
# environment
PWD = /Users/kundb/.dotfiles
# environment
ORIGINAL_XDG_CURRENT_DESKTOP = undefined
# environment
VSCODE_AMD_ENTRYPOINT = vs/workbench/api/node/extensionHostProcess
# environment
HOME = /Users/kundb
# default
MAKEFILEPATH = $(shell /usr/bin/xcode-select -print-path 2>/dev/null || echo /Developer)/Makefiles
# environment
VSCODE_CLI = 1
# environment
VSCODE_CODE_CACHE_PATH = /Users/kundb/Library/Application Support/Code/CachedData/30d9c6cd9483b2cc586687151bcbcd635f373630
# environment
FNM_MULTISHELL_PATH = /Users/kundb/Library/Caches/fnm_multishells/30970_1655515996311
# environment
LOGNAME = kundb
# environment
APPLICATION_INSIGHTS_NO_DIAGNOSTIC_CHANNEL = 1
# environment
VSCODE_HANDLES_UNCAUGHT_ERRORS = true
# automatic
^D = $(patsubst %/,%,$(dir $^))
# environment
LESS_TERMCAP_md = 
# environment
XPC_FLAGS = 0x0
# environment
COLORTERM = truecolor
# default
MAKE = $(MAKE_COMMAND)
# environment
LC_TERMINAL = iTerm2
# environment
SHLVL = 3
# environment
DOTFILES_GIT_GUI = stree
# default
MAKE_VERSION := 3.81
# environment
USER = kundb
# makefile
.DEFAULT_GOAL := all
# default
MAKECMDGOALS := all
# environment
TERM_SESSION_ID = w0t1p0:34B9448B-F715-40AA-9F37-7E23290BAC4F
# automatic
%D = $(patsubst %/,%,$(dir $%))
# default
MAKE_COMMAND := /Library/Developer/CommandLineTools/usr/bin/make
# environment
TERM_PROGRAM = iTerm.app
# default
.VARIABLES := 
# environment
TMPDIR = /var/folders/gk/48v85bh53yz3g39k73d1d01r0000gq/T/
# automatic
*F = $(notdir $*)
# makefile (from `Makefile', line 2)
OS := macos
# environment
VSCODE_IPC_HOOK = /Users/kundb/Library/Application Support/Code/1.68.1-main.sock
# makefile
MAKEFLAGS = Rrqp
# environment
MFLAGS = -Rrqp
# automatic
*D = $(patsubst %/,%,$(dir $*))
# environment
TERM_PROGRAM_VERSION = 3.4.15
# environment
FNM_VERSION_FILE_STRATEGY = local
# environment
XPC_SERVICE_NAME = application.com.microsoft.VSCode.1747714.1747720.7D31CD88-74E8-4372-B336-379AB686E52D
# environment
LC_TERMINAL_VERSION = 3.4.15
# makefile (from `Makefile', line 4)
HOMEBREW_PREFIX := /usr/local
# automatic
+D = $(patsubst %/,%,$(dir $+))
# automatic
+F = $(notdir $+)
# environment
ITERM_SESSION_ID = w0t1p0:34B9448B-F715-40AA-9F37-7E23290BAC4F
# makefile (from `Makefile', line 8)
ACCEPT_EULA = Y
# environment
COLORFGBG = 15;0
# environment
__CF_USER_TEXT_ENCODING = 0x1F7:0:2
# environment
COMMAND_MODE = unix2003
# default
MAKEFILES := 
# automatic
<F = $(notdir $<)
# environment
ITERM_PROFILE = Default
# makefile (from `Makefile', line 6)
XDG_CONFIG_HOME = $(HOME)/.config
# environment
EDITOR = nano
# environment
FNM_DIR = /Users/kundb/Library/Application Support/fnm
# environment
LC_ALL = C
# environment
CHROME_BIN = /Applications/Google Chrome.app/Contents/MacOS/Google Chrome
# automatic
^F = $(notdir $^)
# environment
FNM_ARCH = x64
# default
SUFFIXES := 
# environment
HISTSIZE = 32768
# default
.INCLUDE_DIRS = /usr/local/include
# environment
MAKELEVEL := 0
# environment
CLICOLOR = 1
# environment
LANG = C
# environment
TERM = xterm-256color
# environment
VSCODE_PID = 24607
# variable set hash-table stats:
# Load=101/1024=10%, Rehash=0, Collisions=5/150=3%

# Pattern-specific Variable Values

# No pattern-specific variable values.

# Directories

# . (device 16777220, inode 945169): 17 files, no impossibilities.

# 17 files, no impossibilities in 1 directories.

# Implicit Rules

# No implicit rules.

# Files

brew-packages: brew
#  Implicit rule search has not been done.
#  Modification time never checked.
#  File has not been updated.
#  commands to execute (from `Makefile', line 86):
	brew bundle --file=$(DOTFILES_DIR)/install/Brewfile || true
	

link: stow-macos
#  Implicit rule search has not been done.
#  Modification time never checked.
#  File has not been updated.
#  commands to execute (from `Makefile', line 40):
 
	for FILE in $$(\ls -A runcom); do if [ -f $(HOME)/$$FILE -a ! -h $(HOME)/$$FILE ]; then \
	mv -v $(HOME)/$$FILE{,.bak}; fi; done
	mkdir -p $(XDG_CONFIG_HOME)
	stow -t $(HOME) runcom
	stow -t $(XDG_CONFIG_HOME) config
	

all: macos
#  Command-line target.
#  Implicit rule search has been done.
#  File does not exist.
#  File has been updated.
#  Needs to be updated (-q is set).
# variable set hash-table stats:
# Load=0/32=0%, Rehash=0, Collisions=0/2=0%

.PHONY: test
#  Implicit rule search has not been done.
#  Modification time never checked.
#  File has not been updated.

ruby: brew
#  Implicit rule search has not been done.
#  Modification time never checked.
#  File has not been updated.
#  commands to execute (from `Makefile', line 80):
	brew install ruby
	

npm: brew-packages
#  Implicit rule search has not been done.
#  Modification time never checked.
#  File has not been updated.
#  commands to execute (from `Makefile', line 77):
	fnm install --lts
	

cask-apps: brew
#  Implicit rule search has not been done.
#  Modification time never checked.
#  File has not been updated.
#  commands to execute (from `Makefile', line 89):
	brew bundle --file=$(DOTFILES_DIR)/install/Caskfile || true
	for EXT in $$(cat install/Codefile); do code --install-extension $$EXT; done
	xattr -d -r com.apple.quarantine ~/Library/QuickLook
	

git: brew
#  Implicit rule search has not been done.
#  Modification time never checked.
#  File has not been updated.
#  commands to execute (from `Makefile', line 74):
	brew install git git-extras
	

# Not a target:
.SUFFIXES:
#  Implicit rule search has not been done.
#  Modification time never checked.
#  File has not been updated.

# Not a target:
Makefile:
#  Implicit rule search has been done.
#  Last modified 2022-06-15 08:04:01
#  File has been updated.
#  Successfully updated.
# variable set hash-table stats:
# Load=0/32=0%, Rehash=0, Collisions=0/0=0%

test:
#  Phony target (prerequisite of .PHONY).
#  Implicit rule search has not been done.
#  File does not exist.
#  File has not been updated.
#  commands to execute (from `Makefile', line 100):
	eval $$(fnm env); bats test
	

node-packages: npm
#  Implicit rule search has not been done.
#  Modification time never checked.
#  File has not been updated.
#  commands to execute (from `Makefile', line 94):
	eval $$(fnm env); npm install -g $(shell cat install/npmfile)
	

rust: brew
#  Implicit rule search has not been done.
#  Modification time never checked.
#  File has not been updated.
#  commands to execute (from `Makefile', line 83):
	brew install rust
	

packages: brew-packages cask-apps node-packages rust-packages
#  Implicit rule search has not been done.
#  Modification time never checked.
#  File has not been updated.

stow-linux: core-linux
#  Implicit rule search has not been done.
#  Modification time never checked.
#  File has not been updated.
#  commands to execute (from `Makefile', line 29):
	is-executable stow || apt-get -y install stow
	

sudo:
#  Implicit rule search has not been done.
#  Implicit/static pattern stem: `'
#  File does not exist.
#  File has been updated.
#  Needs to be updated (-q is set).
# automatic
# @ := sudo
# automatic
# % := 
# automatic
# * := 
# automatic
# + := 
# automatic
# | := 
# automatic
# < := 
# automatic
# ^ := 
# automatic
# ? := 
# variable set hash-table stats:
# Load=8/32=25%, Rehash=0, Collisions=1/10=10%
#  commands to execute (from `Makefile', line 33):
	sudo -v
	while true; do sudo -n true; sleep 60; kill -0 "$$" || exit; done 2>/dev/null &
	

# Not a target:
.DEFAULT:
#  Implicit rule search has not been done.
#  Modification time never checked.
#  File has not been updated.

stow-macos: brew
#  Implicit rule search has not been done.
#  Modification time never checked.
#  File has not been updated.
#  commands to execute (from `Makefile', line 26):
	is-executable stow || brew install stow
	

brew:
#  Implicit rule search has not been done.
#  Modification time never checked.
#  File has not been updated.
#  commands to execute (from `Makefile', line 53):
	is-executable brew || curl -fsSL https://raw.githubusercontent.com/Homebrew/install/master/install.sh | bash
	

rust-packages: rust
#  Implicit rule search has not been done.
#  Modification time never checked.
#  File has not been updated.
#  commands to execute (from `Makefile', line 97):
	cargo install $(shell cat install/Rustfile)
	

core-linux:
#  Implicit rule search has not been done.
#  Modification time never checked.
#  File has not been updated.
#  commands to execute (from `Makefile', line 21):
	apt-get update
	apt-get upgrade -y
	apt-get dist-upgrade -f
	

linux: core-linux link
#  Implicit rule search has not been done.
#  Modification time never checked.
#  File has not been updated.

unlink: stow-macos
#  Implicit rule search has not been done.
#  Modification time never checked.
#  File has not been updated.
#  commands to execute (from `Makefile', line 47):
	stow --delete -t $(HOME) runcom
	stow --delete -t $(XDG_CONFIG_HOME) config
	for FILE in $$(\ls -A runcom); do if [ -f $(HOME)/$$FILE.bak ]; then \
	mv -v $(HOME)/$$FILE.bak $(HOME)/$${FILE%%.bak}; fi; done
	

core-macos: brew bash git npm ruby rust
#  Implicit rule search has not been done.
#  Modification time never checked.
#  File has not been updated.

macos: sudo core-macos packages link
#  Implicit rule search has been done.
#  Last modified 2022-06-15 07:44:38
#  File has been updated.
#  Needs to be updated (-q is set).
# variable set hash-table stats:
# Load=0/32=0%, Rehash=0, Collisions=0/2=0%

bash: brew
#  Implicit rule search has not been done.
#  Modification time never checked.
#  File has not been updated.
# makefile (from `Makefile', line 56)
# BREW_BIN = $(HOMEBREW_PREFIX)/bin/brew
# makefile (from `Makefile', line 57)
# SHELLS = /private/etc/shells
# makefile (from `Makefile', line 55)
# BASH_BIN = $(HOMEBREW_PREFIX)/bin/bash
# variable set hash-table stats:
# Load=3/32=9%, Rehash=0, Collisions=0/3=0%
#  commands to execute (from `Makefile', line 66):
	if ! grep -q $(BASH_BIN) $(SHELLS); then \
	$(BREW_BIN) install bash bash-completion@2 pcre && \
	sudo append $(BASH_BIN) $(SHELLS) && \
	chsh -s $(BASH_BIN); \
	fi
	

# files hash-table stats:
# Load=26/1024=3%, Rehash=0, Collisions=7/75=9%
# VPATH Search Paths

# No `vpath' search paths.

# No general (`VPATH' variable) search path.

# # of strings in strcache: 1
# # of strcache buffers: 1
# strcache size: total = 4096 / max = 4096 / min = 4096 / avg = 4096
# strcache free: total = 4087 / max = 4087 / min = 4087 / avg = 4087

# Finished Make data base on Sat Jun 18 07:03:38 2022

 
